<?xml version="1.0" encoding="UTF-8"?>
<testsuite xmlns:xsi="http://www.w3.org/2001/XMLSchema-instance" xsi:noNamespaceSchemaLocation="https://maven.apache.org/surefire/maven-surefire-plugin/xsd/surefire-test-report.xsd" name="springframework.sfgpetclinic.SfgPetClinicApplicationTests" time="8.927" tests="1" errors="1" skipped="0" failures="0">
  <properties>
    <property name="sun.desktop" value="windows"/>
    <property name="awt.toolkit" value="sun.awt.windows.WToolkit"/>
    <property name="file.encoding.pkg" value="sun.io"/>
    <property name="java.specification.version" value="1.8"/>
    <property name="sun.cpu.isalist" value="amd64"/>
    <property name="sun.jnu.encoding" value="Cp1252"/>
    <property name="java.class.path" value="C:\Users\mjunior\git\sfg-pet-clinic\sfg-pet-clinic\pet-clinic-web\target\test-classes;C:\Users\mjunior\git\sfg-pet-clinic\sfg-pet-clinic\pet-clinic-web\target\classes;C:\Users\mjunior\.m2\repository\guru\springframework\pet-clinic-data\0.0.7-SNAPSHOT\pet-clinic-data-0.0.7-SNAPSHOT.jar;C:\Users\mjunior\.m2\repository\org\springframework\boot\spring-boot-starter-data-jpa\2.1.0.M3\spring-boot-starter-data-jpa-2.1.0.M3.jar;C:\Users\mjunior\.m2\repository\org\springframework\boot\spring-boot-starter-aop\2.1.0.M3\spring-boot-starter-aop-2.1.0.M3.jar;C:\Users\mjunior\.m2\repository\org\aspectj\aspectjweaver\1.9.1\aspectjweaver-1.9.1.jar;C:\Users\mjunior\.m2\repository\org\springframework\boot\spring-boot-starter-jdbc\2.1.0.M3\spring-boot-starter-jdbc-2.1.0.M3.jar;C:\Users\mjunior\.m2\repository\com\zaxxer\HikariCP\3.2.0\HikariCP-3.2.0.jar;C:\Users\mjunior\.m2\repository\org\springframework\spring-jdbc\5.1.0.RC3\spring-jdbc-5.1.0.RC3.jar;C:\Users\mjunior\.m2\repository\javax\transaction\javax.transaction-api\1.3\javax.transaction-api-1.3.jar;C:\Users\mjunior\.m2\repository\javax\xml\bind\jaxb-api\2.3.0\jaxb-api-2.3.0.jar;C:\Users\mjunior\.m2\repository\org\hibernate\hibernate-core\5.3.6.Final\hibernate-core-5.3.6.Final.jar;C:\Users\mjunior\.m2\repository\javax\persistence\javax.persistence-api\2.2\javax.persistence-api-2.2.jar;C:\Users\mjunior\.m2\repository\org\javassist\javassist\3.23.1-GA\javassist-3.23.1-GA.jar;C:\Users\mjunior\.m2\repository\antlr\antlr\2.7.7\antlr-2.7.7.jar;C:\Users\mjunior\.m2\repository\org\jboss\jandex\2.0.5.Final\jandex-2.0.5.Final.jar;C:\Users\mjunior\.m2\repository\javax\activation\javax.activation-api\1.2.0\javax.activation-api-1.2.0.jar;C:\Users\mjunior\.m2\repository\dom4j\dom4j\1.6.1\dom4j-1.6.1.jar;C:\Users\mjunior\.m2\repository\org\hibernate\common\hibernate-commons-annotations\5.0.4.Final\hibernate-commons-annotations-5.0.4.Final.jar;C:\Users\mjunior\.m2\repository\org\springframework\data\spring-data-jpa\2.1.0.RC2\spring-data-jpa-2.1.0.RC2.jar;C:\Users\mjunior\.m2\repository\org\springframework\data\spring-data-commons\2.1.0.RC2\spring-data-commons-2.1.0.RC2.jar;C:\Users\mjunior\.m2\repository\org\springframework\spring-orm\5.1.0.RC3\spring-orm-5.1.0.RC3.jar;C:\Users\mjunior\.m2\repository\org\springframework\spring-tx\5.1.0.RC3\spring-tx-5.1.0.RC3.jar;C:\Users\mjunior\.m2\repository\org\springframework\spring-aspects\5.1.0.RC3\spring-aspects-5.1.0.RC3.jar;C:\Users\mjunior\.m2\repository\com\h2database\h2\1.4.197\h2-1.4.197.jar;C:\Users\mjunior\.m2\repository\mysql\mysql-connector-java\8.0.12\mysql-connector-java-8.0.12.jar;C:\Users\mjunior\.m2\repository\org\springframework\boot\spring-boot-starter-actuator\2.1.0.M3\spring-boot-starter-actuator-2.1.0.M3.jar;C:\Users\mjunior\.m2\repository\org\springframework\boot\spring-boot-starter\2.1.0.M3\spring-boot-starter-2.1.0.M3.jar;C:\Users\mjunior\.m2\repository\org\springframework\boot\spring-boot-starter-logging\2.1.0.M3\spring-boot-starter-logging-2.1.0.M3.jar;C:\Users\mjunior\.m2\repository\ch\qos\logback\logback-classic\1.2.3\logback-classic-1.2.3.jar;C:\Users\mjunior\.m2\repository\ch\qos\logback\logback-core\1.2.3\logback-core-1.2.3.jar;C:\Users\mjunior\.m2\repository\org\apache\logging\log4j\log4j-to-slf4j\2.11.1\log4j-to-slf4j-2.11.1.jar;C:\Users\mjunior\.m2\repository\org\apache\logging\log4j\log4j-api\2.11.1\log4j-api-2.11.1.jar;C:\Users\mjunior\.m2\repository\org\slf4j\jul-to-slf4j\1.7.25\jul-to-slf4j-1.7.25.jar;C:\Users\mjunior\.m2\repository\javax\annotation\javax.annotation-api\1.3.2\javax.annotation-api-1.3.2.jar;C:\Users\mjunior\.m2\repository\org\yaml\snakeyaml\1.23\snakeyaml-1.23.jar;C:\Users\mjunior\.m2\repository\org\springframework\boot\spring-boot-actuator-autoconfigure\2.1.0.M3\spring-boot-actuator-autoconfigure-2.1.0.M3.jar;C:\Users\mjunior\.m2\repository\org\springframework\boot\spring-boot-actuator\2.1.0.M3\spring-boot-actuator-2.1.0.M3.jar;C:\Users\mjunior\.m2\repository\com\fasterxml\jackson\core\jackson-databind\2.9.6\jackson-databind-2.9.6.jar;C:\Users\mjunior\.m2\repository\com\fasterxml\jackson\core\jackson-annotations\2.9.0\jackson-annotations-2.9.0.jar;C:\Users\mjunior\.m2\repository\org\springframework\spring-context\5.1.0.RC3\spring-context-5.1.0.RC3.jar;C:\Users\mjunior\.m2\repository\com\fasterxml\jackson\datatype\jackson-datatype-jsr310\2.9.6\jackson-datatype-jsr310-2.9.6.jar;C:\Users\mjunior\.m2\repository\io\micrometer\micrometer-core\1.0.6\micrometer-core-1.0.6.jar;C:\Users\mjunior\.m2\repository\org\hdrhistogram\HdrHistogram\2.1.10\HdrHistogram-2.1.10.jar;C:\Users\mjunior\.m2\repository\org\latencyutils\LatencyUtils\2.0.3\LatencyUtils-2.0.3.jar;C:\Users\mjunior\.m2\repository\org\springframework\boot\spring-boot-starter-thymeleaf\2.1.0.M3\spring-boot-starter-thymeleaf-2.1.0.M3.jar;C:\Users\mjunior\.m2\repository\org\thymeleaf\thymeleaf-spring5\3.0.9.RELEASE\thymeleaf-spring5-3.0.9.RELEASE.jar;C:\Users\mjunior\.m2\repository\org\thymeleaf\thymeleaf\3.0.9.RELEASE\thymeleaf-3.0.9.RELEASE.jar;C:\Users\mjunior\.m2\repository\org\attoparser\attoparser\2.0.4.RELEASE\attoparser-2.0.4.RELEASE.jar;C:\Users\mjunior\.m2\repository\org\unbescape\unbescape\1.1.5.RELEASE\unbescape-1.1.5.RELEASE.jar;C:\Users\mjunior\.m2\repository\org\thymeleaf\extras\thymeleaf-extras-java8time\3.0.1.RELEASE\thymeleaf-extras-java8time-3.0.1.RELEASE.jar;C:\Users\mjunior\.m2\repository\org\springframework\boot\spring-boot-starter-web\2.1.0.M3\spring-boot-starter-web-2.1.0.M3.jar;C:\Users\mjunior\.m2\repository\org\springframework\boot\spring-boot-starter-json\2.1.0.M3\spring-boot-starter-json-2.1.0.M3.jar;C:\Users\mjunior\.m2\repository\com\fasterxml\jackson\datatype\jackson-datatype-jdk8\2.9.6\jackson-datatype-jdk8-2.9.6.jar;C:\Users\mjunior\.m2\repository\com\fasterxml\jackson\module\jackson-module-parameter-names\2.9.6\jackson-module-parameter-names-2.9.6.jar;C:\Users\mjunior\.m2\repository\org\springframework\boot\spring-boot-starter-tomcat\2.1.0.M3\spring-boot-starter-tomcat-2.1.0.M3.jar;C:\Users\mjunior\.m2\repository\org\apache\tomcat\embed\tomcat-embed-core\9.0.12\tomcat-embed-core-9.0.12.jar;C:\Users\mjunior\.m2\repository\org\apache\tomcat\embed\tomcat-embed-el\9.0.12\tomcat-embed-el-9.0.12.jar;C:\Users\mjunior\.m2\repository\org\apache\tomcat\embed\tomcat-embed-websocket\9.0.12\tomcat-embed-websocket-9.0.12.jar;C:\Users\mjunior\.m2\repository\org\hibernate\validator\hibernate-validator\6.0.12.Final\hibernate-validator-6.0.12.Final.jar;C:\Users\mjunior\.m2\repository\javax\validation\validation-api\2.0.1.Final\validation-api-2.0.1.Final.jar;C:\Users\mjunior\.m2\repository\org\jboss\logging\jboss-logging\3.3.2.Final\jboss-logging-3.3.2.Final.jar;C:\Users\mjunior\.m2\repository\com\fasterxml\classmate\1.4.0\classmate-1.4.0.jar;C:\Users\mjunior\.m2\repository\org\springframework\spring-web\5.1.0.RC3\spring-web-5.1.0.RC3.jar;C:\Users\mjunior\.m2\repository\org\springframework\spring-beans\5.1.0.RC3\spring-beans-5.1.0.RC3.jar;C:\Users\mjunior\.m2\repository\org\springframework\spring-webmvc\5.1.0.RC3\spring-webmvc-5.1.0.RC3.jar;C:\Users\mjunior\.m2\repository\org\springframework\spring-aop\5.1.0.RC3\spring-aop-5.1.0.RC3.jar;C:\Users\mjunior\.m2\repository\org\springframework\spring-expression\5.1.0.RC3\spring-expression-5.1.0.RC3.jar;C:\Users\mjunior\.m2\repository\org\springframework\boot\spring-boot-devtools\2.1.0.M3\spring-boot-devtools-2.1.0.M3.jar;C:\Users\mjunior\.m2\repository\org\springframework\boot\spring-boot\2.1.0.M3\spring-boot-2.1.0.M3.jar;C:\Users\mjunior\.m2\repository\org\springframework\boot\spring-boot-autoconfigure\2.1.0.M3\spring-boot-autoconfigure-2.1.0.M3.jar;C:\Users\mjunior\.m2\repository\org\webjars\webjars-locator-core\0.35\webjars-locator-core-0.35.jar;C:\Users\mjunior\.m2\repository\org\slf4j\slf4j-api\1.7.25\slf4j-api-1.7.25.jar;C:\Users\mjunior\.m2\repository\org\apache\commons\commons-lang3\3.8\commons-lang3-3.8.jar;C:\Users\mjunior\.m2\repository\org\apache\commons\commons-compress\1.9\commons-compress-1.9.jar;C:\Users\mjunior\.m2\repository\com\fasterxml\jackson\core\jackson-core\2.9.6\jackson-core-2.9.6.jar;C:\Users\mjunior\.m2\repository\org\webjars\jquery\2.2.4\jquery-2.2.4.jar;C:\Users\mjunior\.m2\repository\org\webjars\jquery-ui\1.11.4\jquery-ui-1.11.4.jar;C:\Users\mjunior\.m2\repository\org\webjars\bootstrap\3.3.6\bootstrap-3.3.6.jar;C:\Users\mjunior\.m2\repository\org\springframework\boot\spring-boot-starter-test\2.1.0.M3\spring-boot-starter-test-2.1.0.M3.jar;C:\Users\mjunior\.m2\repository\org\springframework\boot\spring-boot-test\2.1.0.M3\spring-boot-test-2.1.0.M3.jar;C:\Users\mjunior\.m2\repository\org\springframework\boot\spring-boot-test-autoconfigure\2.1.0.M3\spring-boot-test-autoconfigure-2.1.0.M3.jar;C:\Users\mjunior\.m2\repository\com\jayway\jsonpath\json-path\2.4.0\json-path-2.4.0.jar;C:\Users\mjunior\.m2\repository\net\minidev\json-smart\2.3\json-smart-2.3.jar;C:\Users\mjunior\.m2\repository\net\minidev\accessors-smart\1.2\accessors-smart-1.2.jar;C:\Users\mjunior\.m2\repository\org\ow2\asm\asm\5.0.4\asm-5.0.4.jar;C:\Users\mjunior\.m2\repository\junit\junit\4.12\junit-4.12.jar;C:\Users\mjunior\.m2\repository\org\assertj\assertj-core\3.11.1\assertj-core-3.11.1.jar;C:\Users\mjunior\.m2\repository\org\mockito\mockito-core\2.22.0\mockito-core-2.22.0.jar;C:\Users\mjunior\.m2\repository\net\bytebuddy\byte-buddy\1.8.22\byte-buddy-1.8.22.jar;C:\Users\mjunior\.m2\repository\net\bytebuddy\byte-buddy-agent\1.8.22\byte-buddy-agent-1.8.22.jar;C:\Users\mjunior\.m2\repository\org\objenesis\objenesis\2.6\objenesis-2.6.jar;C:\Users\mjunior\.m2\repository\org\hamcrest\hamcrest-core\1.3\hamcrest-core-1.3.jar;C:\Users\mjunior\.m2\repository\org\hamcrest\hamcrest-library\1.3\hamcrest-library-1.3.jar;C:\Users\mjunior\.m2\repository\org\skyscreamer\jsonassert\1.5.0\jsonassert-1.5.0.jar;C:\Users\mjunior\.m2\repository\com\vaadin\external\google\android-json\0.0.20131108.vaadin1\android-json-0.0.20131108.vaadin1.jar;C:\Users\mjunior\.m2\repository\org\springframework\spring-core\5.1.0.RC3\spring-core-5.1.0.RC3.jar;C:\Users\mjunior\.m2\repository\org\springframework\spring-jcl\5.1.0.RC3\spring-jcl-5.1.0.RC3.jar;C:\Users\mjunior\.m2\repository\org\springframework\spring-test\5.1.0.RC3\spring-test-5.1.0.RC3.jar;C:\Users\mjunior\.m2\repository\org\xmlunit\xmlunit-core\2.6.2\xmlunit-core-2.6.2.jar;"/>
    <property name="java.vm.vendor" value="Oracle Corporation"/>
    <property name="sun.arch.data.model" value="64"/>
    <property name="user.variant" value=""/>
    <property name="java.vendor.url" value="http://java.oracle.com/"/>
    <property name="user.timezone" value="America/Sao_Paulo"/>
    <property name="java.vm.specification.version" value="1.8"/>
    <property name="os.name" value="Windows 10"/>
    <property name="user.country" value="BR"/>
    <property name="sun.java.launcher" value="SUN_STANDARD"/>
    <property name="sun.boot.library.path" value="C:\Program Files\Java\jdk1.8.0_144\jre\bin"/>
    <property name="sun.java.command" value="C:\Users\mjunior\AppData\Local\Temp\surefire3456832585915841968\surefirebooter8641610175153873357.jar C:\Users\mjunior\AppData\Local\Temp\surefire3456832585915841968 2018-10-26T16-10-02_666-jvmRun1 surefire5517022493172865942tmp surefire_08676752878439307414tmp"/>
    <property name="surefire.test.class.path" value="C:\Users\mjunior\git\sfg-pet-clinic\sfg-pet-clinic\pet-clinic-web\target\test-classes;C:\Users\mjunior\git\sfg-pet-clinic\sfg-pet-clinic\pet-clinic-web\target\classes;C:\Users\mjunior\.m2\repository\guru\springframework\pet-clinic-data\0.0.7-SNAPSHOT\pet-clinic-data-0.0.7-SNAPSHOT.jar;C:\Users\mjunior\.m2\repository\org\springframework\boot\spring-boot-starter-data-jpa\2.1.0.M3\spring-boot-starter-data-jpa-2.1.0.M3.jar;C:\Users\mjunior\.m2\repository\org\springframework\boot\spring-boot-starter-aop\2.1.0.M3\spring-boot-starter-aop-2.1.0.M3.jar;C:\Users\mjunior\.m2\repository\org\aspectj\aspectjweaver\1.9.1\aspectjweaver-1.9.1.jar;C:\Users\mjunior\.m2\repository\org\springframework\boot\spring-boot-starter-jdbc\2.1.0.M3\spring-boot-starter-jdbc-2.1.0.M3.jar;C:\Users\mjunior\.m2\repository\com\zaxxer\HikariCP\3.2.0\HikariCP-3.2.0.jar;C:\Users\mjunior\.m2\repository\org\springframework\spring-jdbc\5.1.0.RC3\spring-jdbc-5.1.0.RC3.jar;C:\Users\mjunior\.m2\repository\javax\transaction\javax.transaction-api\1.3\javax.transaction-api-1.3.jar;C:\Users\mjunior\.m2\repository\javax\xml\bind\jaxb-api\2.3.0\jaxb-api-2.3.0.jar;C:\Users\mjunior\.m2\repository\org\hibernate\hibernate-core\5.3.6.Final\hibernate-core-5.3.6.Final.jar;C:\Users\mjunior\.m2\repository\javax\persistence\javax.persistence-api\2.2\javax.persistence-api-2.2.jar;C:\Users\mjunior\.m2\repository\org\javassist\javassist\3.23.1-GA\javassist-3.23.1-GA.jar;C:\Users\mjunior\.m2\repository\antlr\antlr\2.7.7\antlr-2.7.7.jar;C:\Users\mjunior\.m2\repository\org\jboss\jandex\2.0.5.Final\jandex-2.0.5.Final.jar;C:\Users\mjunior\.m2\repository\javax\activation\javax.activation-api\1.2.0\javax.activation-api-1.2.0.jar;C:\Users\mjunior\.m2\repository\dom4j\dom4j\1.6.1\dom4j-1.6.1.jar;C:\Users\mjunior\.m2\repository\org\hibernate\common\hibernate-commons-annotations\5.0.4.Final\hibernate-commons-annotations-5.0.4.Final.jar;C:\Users\mjunior\.m2\repository\org\springframework\data\spring-data-jpa\2.1.0.RC2\spring-data-jpa-2.1.0.RC2.jar;C:\Users\mjunior\.m2\repository\org\springframework\data\spring-data-commons\2.1.0.RC2\spring-data-commons-2.1.0.RC2.jar;C:\Users\mjunior\.m2\repository\org\springframework\spring-orm\5.1.0.RC3\spring-orm-5.1.0.RC3.jar;C:\Users\mjunior\.m2\repository\org\springframework\spring-tx\5.1.0.RC3\spring-tx-5.1.0.RC3.jar;C:\Users\mjunior\.m2\repository\org\springframework\spring-aspects\5.1.0.RC3\spring-aspects-5.1.0.RC3.jar;C:\Users\mjunior\.m2\repository\com\h2database\h2\1.4.197\h2-1.4.197.jar;C:\Users\mjunior\.m2\repository\mysql\mysql-connector-java\8.0.12\mysql-connector-java-8.0.12.jar;C:\Users\mjunior\.m2\repository\org\springframework\boot\spring-boot-starter-actuator\2.1.0.M3\spring-boot-starter-actuator-2.1.0.M3.jar;C:\Users\mjunior\.m2\repository\org\springframework\boot\spring-boot-starter\2.1.0.M3\spring-boot-starter-2.1.0.M3.jar;C:\Users\mjunior\.m2\repository\org\springframework\boot\spring-boot-starter-logging\2.1.0.M3\spring-boot-starter-logging-2.1.0.M3.jar;C:\Users\mjunior\.m2\repository\ch\qos\logback\logback-classic\1.2.3\logback-classic-1.2.3.jar;C:\Users\mjunior\.m2\repository\ch\qos\logback\logback-core\1.2.3\logback-core-1.2.3.jar;C:\Users\mjunior\.m2\repository\org\apache\logging\log4j\log4j-to-slf4j\2.11.1\log4j-to-slf4j-2.11.1.jar;C:\Users\mjunior\.m2\repository\org\apache\logging\log4j\log4j-api\2.11.1\log4j-api-2.11.1.jar;C:\Users\mjunior\.m2\repository\org\slf4j\jul-to-slf4j\1.7.25\jul-to-slf4j-1.7.25.jar;C:\Users\mjunior\.m2\repository\javax\annotation\javax.annotation-api\1.3.2\javax.annotation-api-1.3.2.jar;C:\Users\mjunior\.m2\repository\org\yaml\snakeyaml\1.23\snakeyaml-1.23.jar;C:\Users\mjunior\.m2\repository\org\springframework\boot\spring-boot-actuator-autoconfigure\2.1.0.M3\spring-boot-actuator-autoconfigure-2.1.0.M3.jar;C:\Users\mjunior\.m2\repository\org\springframework\boot\spring-boot-actuator\2.1.0.M3\spring-boot-actuator-2.1.0.M3.jar;C:\Users\mjunior\.m2\repository\com\fasterxml\jackson\core\jackson-databind\2.9.6\jackson-databind-2.9.6.jar;C:\Users\mjunior\.m2\repository\com\fasterxml\jackson\core\jackson-annotations\2.9.0\jackson-annotations-2.9.0.jar;C:\Users\mjunior\.m2\repository\org\springframework\spring-context\5.1.0.RC3\spring-context-5.1.0.RC3.jar;C:\Users\mjunior\.m2\repository\com\fasterxml\jackson\datatype\jackson-datatype-jsr310\2.9.6\jackson-datatype-jsr310-2.9.6.jar;C:\Users\mjunior\.m2\repository\io\micrometer\micrometer-core\1.0.6\micrometer-core-1.0.6.jar;C:\Users\mjunior\.m2\repository\org\hdrhistogram\HdrHistogram\2.1.10\HdrHistogram-2.1.10.jar;C:\Users\mjunior\.m2\repository\org\latencyutils\LatencyUtils\2.0.3\LatencyUtils-2.0.3.jar;C:\Users\mjunior\.m2\repository\org\springframework\boot\spring-boot-starter-thymeleaf\2.1.0.M3\spring-boot-starter-thymeleaf-2.1.0.M3.jar;C:\Users\mjunior\.m2\repository\org\thymeleaf\thymeleaf-spring5\3.0.9.RELEASE\thymeleaf-spring5-3.0.9.RELEASE.jar;C:\Users\mjunior\.m2\repository\org\thymeleaf\thymeleaf\3.0.9.RELEASE\thymeleaf-3.0.9.RELEASE.jar;C:\Users\mjunior\.m2\repository\org\attoparser\attoparser\2.0.4.RELEASE\attoparser-2.0.4.RELEASE.jar;C:\Users\mjunior\.m2\repository\org\unbescape\unbescape\1.1.5.RELEASE\unbescape-1.1.5.RELEASE.jar;C:\Users\mjunior\.m2\repository\org\thymeleaf\extras\thymeleaf-extras-java8time\3.0.1.RELEASE\thymeleaf-extras-java8time-3.0.1.RELEASE.jar;C:\Users\mjunior\.m2\repository\org\springframework\boot\spring-boot-starter-web\2.1.0.M3\spring-boot-starter-web-2.1.0.M3.jar;C:\Users\mjunior\.m2\repository\org\springframework\boot\spring-boot-starter-json\2.1.0.M3\spring-boot-starter-json-2.1.0.M3.jar;C:\Users\mjunior\.m2\repository\com\fasterxml\jackson\datatype\jackson-datatype-jdk8\2.9.6\jackson-datatype-jdk8-2.9.6.jar;C:\Users\mjunior\.m2\repository\com\fasterxml\jackson\module\jackson-module-parameter-names\2.9.6\jackson-module-parameter-names-2.9.6.jar;C:\Users\mjunior\.m2\repository\org\springframework\boot\spring-boot-starter-tomcat\2.1.0.M3\spring-boot-starter-tomcat-2.1.0.M3.jar;C:\Users\mjunior\.m2\repository\org\apache\tomcat\embed\tomcat-embed-core\9.0.12\tomcat-embed-core-9.0.12.jar;C:\Users\mjunior\.m2\repository\org\apache\tomcat\embed\tomcat-embed-el\9.0.12\tomcat-embed-el-9.0.12.jar;C:\Users\mjunior\.m2\repository\org\apache\tomcat\embed\tomcat-embed-websocket\9.0.12\tomcat-embed-websocket-9.0.12.jar;C:\Users\mjunior\.m2\repository\org\hibernate\validator\hibernate-validator\6.0.12.Final\hibernate-validator-6.0.12.Final.jar;C:\Users\mjunior\.m2\repository\javax\validation\validation-api\2.0.1.Final\validation-api-2.0.1.Final.jar;C:\Users\mjunior\.m2\repository\org\jboss\logging\jboss-logging\3.3.2.Final\jboss-logging-3.3.2.Final.jar;C:\Users\mjunior\.m2\repository\com\fasterxml\classmate\1.4.0\classmate-1.4.0.jar;C:\Users\mjunior\.m2\repository\org\springframework\spring-web\5.1.0.RC3\spring-web-5.1.0.RC3.jar;C:\Users\mjunior\.m2\repository\org\springframework\spring-beans\5.1.0.RC3\spring-beans-5.1.0.RC3.jar;C:\Users\mjunior\.m2\repository\org\springframework\spring-webmvc\5.1.0.RC3\spring-webmvc-5.1.0.RC3.jar;C:\Users\mjunior\.m2\repository\org\springframework\spring-aop\5.1.0.RC3\spring-aop-5.1.0.RC3.jar;C:\Users\mjunior\.m2\repository\org\springframework\spring-expression\5.1.0.RC3\spring-expression-5.1.0.RC3.jar;C:\Users\mjunior\.m2\repository\org\springframework\boot\spring-boot-devtools\2.1.0.M3\spring-boot-devtools-2.1.0.M3.jar;C:\Users\mjunior\.m2\repository\org\springframework\boot\spring-boot\2.1.0.M3\spring-boot-2.1.0.M3.jar;C:\Users\mjunior\.m2\repository\org\springframework\boot\spring-boot-autoconfigure\2.1.0.M3\spring-boot-autoconfigure-2.1.0.M3.jar;C:\Users\mjunior\.m2\repository\org\webjars\webjars-locator-core\0.35\webjars-locator-core-0.35.jar;C:\Users\mjunior\.m2\repository\org\slf4j\slf4j-api\1.7.25\slf4j-api-1.7.25.jar;C:\Users\mjunior\.m2\repository\org\apache\commons\commons-lang3\3.8\commons-lang3-3.8.jar;C:\Users\mjunior\.m2\repository\org\apache\commons\commons-compress\1.9\commons-compress-1.9.jar;C:\Users\mjunior\.m2\repository\com\fasterxml\jackson\core\jackson-core\2.9.6\jackson-core-2.9.6.jar;C:\Users\mjunior\.m2\repository\org\webjars\jquery\2.2.4\jquery-2.2.4.jar;C:\Users\mjunior\.m2\repository\org\webjars\jquery-ui\1.11.4\jquery-ui-1.11.4.jar;C:\Users\mjunior\.m2\repository\org\webjars\bootstrap\3.3.6\bootstrap-3.3.6.jar;C:\Users\mjunior\.m2\repository\org\springframework\boot\spring-boot-starter-test\2.1.0.M3\spring-boot-starter-test-2.1.0.M3.jar;C:\Users\mjunior\.m2\repository\org\springframework\boot\spring-boot-test\2.1.0.M3\spring-boot-test-2.1.0.M3.jar;C:\Users\mjunior\.m2\repository\org\springframework\boot\spring-boot-test-autoconfigure\2.1.0.M3\spring-boot-test-autoconfigure-2.1.0.M3.jar;C:\Users\mjunior\.m2\repository\com\jayway\jsonpath\json-path\2.4.0\json-path-2.4.0.jar;C:\Users\mjunior\.m2\repository\net\minidev\json-smart\2.3\json-smart-2.3.jar;C:\Users\mjunior\.m2\repository\net\minidev\accessors-smart\1.2\accessors-smart-1.2.jar;C:\Users\mjunior\.m2\repository\org\ow2\asm\asm\5.0.4\asm-5.0.4.jar;C:\Users\mjunior\.m2\repository\junit\junit\4.12\junit-4.12.jar;C:\Users\mjunior\.m2\repository\org\assertj\assertj-core\3.11.1\assertj-core-3.11.1.jar;C:\Users\mjunior\.m2\repository\org\mockito\mockito-core\2.22.0\mockito-core-2.22.0.jar;C:\Users\mjunior\.m2\repository\net\bytebuddy\byte-buddy\1.8.22\byte-buddy-1.8.22.jar;C:\Users\mjunior\.m2\repository\net\bytebuddy\byte-buddy-agent\1.8.22\byte-buddy-agent-1.8.22.jar;C:\Users\mjunior\.m2\repository\org\objenesis\objenesis\2.6\objenesis-2.6.jar;C:\Users\mjunior\.m2\repository\org\hamcrest\hamcrest-core\1.3\hamcrest-core-1.3.jar;C:\Users\mjunior\.m2\repository\org\hamcrest\hamcrest-library\1.3\hamcrest-library-1.3.jar;C:\Users\mjunior\.m2\repository\org\skyscreamer\jsonassert\1.5.0\jsonassert-1.5.0.jar;C:\Users\mjunior\.m2\repository\com\vaadin\external\google\android-json\0.0.20131108.vaadin1\android-json-0.0.20131108.vaadin1.jar;C:\Users\mjunior\.m2\repository\org\springframework\spring-core\5.1.0.RC3\spring-core-5.1.0.RC3.jar;C:\Users\mjunior\.m2\repository\org\springframework\spring-jcl\5.1.0.RC3\spring-jcl-5.1.0.RC3.jar;C:\Users\mjunior\.m2\repository\org\springframework\spring-test\5.1.0.RC3\spring-test-5.1.0.RC3.jar;C:\Users\mjunior\.m2\repository\org\xmlunit\xmlunit-core\2.6.2\xmlunit-core-2.6.2.jar;"/>
    <property name="sun.cpu.endian" value="little"/>
    <property name="user.home" value="C:\Users\mjunior"/>
    <property name="user.language" value="pt"/>
    <property name="java.specification.vendor" value="Oracle Corporation"/>
    <property name="java.home" value="C:\Program Files\Java\jdk1.8.0_144\jre"/>
    <property name="basedir" value="C:\Users\mjunior\git\sfg-pet-clinic\sfg-pet-clinic\pet-clinic-web"/>
    <property name="file.separator" value="\"/>
    <property name="line.separator" value="&#10;"/>
    <property name="java.vm.specification.vendor" value="Oracle Corporation"/>
    <property name="java.specification.name" value="Java Platform API Specification"/>
    <property name="java.awt.graphicsenv" value="sun.awt.Win32GraphicsEnvironment"/>
    <property name="surefire.real.class.path" value="C:\Users\mjunior\AppData\Local\Temp\surefire3456832585915841968\surefirebooter8641610175153873357.jar"/>
    <property name="sun.boot.class.path" value="C:\Program Files\Java\jdk1.8.0_144\jre\lib\resources.jar;C:\Program Files\Java\jdk1.8.0_144\jre\lib\rt.jar;C:\Program Files\Java\jdk1.8.0_144\jre\lib\sunrsasign.jar;C:\Program Files\Java\jdk1.8.0_144\jre\lib\jsse.jar;C:\Program Files\Java\jdk1.8.0_144\jre\lib\jce.jar;C:\Program Files\Java\jdk1.8.0_144\jre\lib\charsets.jar;C:\Program Files\Java\jdk1.8.0_144\jre\lib\jfr.jar;C:\Program Files\Java\jdk1.8.0_144\jre\classes"/>
    <property name="user.script" value=""/>
    <property name="sun.management.compiler" value="HotSpot 64-Bit Tiered Compilers"/>
    <property name="java.runtime.version" value="1.8.0_144-b01"/>
    <property name="user.name" value="mjunior"/>
    <property name="path.separator" value=";"/>
    <property name="os.version" value="10.0"/>
    <property name="java.endorsed.dirs" value="C:\Program Files\Java\jdk1.8.0_144\jre\lib\endorsed"/>
    <property name="java.runtime.name" value="Java(TM) SE Runtime Environment"/>
    <property name="file.encoding" value="Cp1252"/>
    <property name="java.vm.name" value="Java HotSpot(TM) 64-Bit Server VM"/>
    <property name="localRepository" value="C:\Users\mjunior\.m2\repository"/>
    <property name="java.vendor.url.bug" value="http://bugreport.sun.com/bugreport/"/>
    <property name="java.io.tmpdir" value="C:\Users\mjunior\AppData\Local\Temp\"/>
    <property name="java.version" value="1.8.0_144"/>
    <property name="user.dir" value="C:\Users\mjunior\git\sfg-pet-clinic\sfg-pet-clinic\pet-clinic-web"/>
    <property name="os.arch" value="amd64"/>
    <property name="java.vm.specification.name" value="Java Virtual Machine Specification"/>
    <property name="java.awt.printerjob" value="sun.awt.windows.WPrinterJob"/>
    <property name="sun.os.patch.level" value=""/>
    <property name="java.library.path" value="C:\Program Files\Java\jdk1.8.0_144\jre\bin;C:\WINDOWS\Sun\Java\bin;C:\WINDOWS\system32;C:\WINDOWS;C:/Program Files/Java/jre1.8.0_171/bin/server;C:/Program Files/Java/jre1.8.0_171/bin;C:/Program Files/Java/jre1.8.0_171/lib/amd64;C:\Program Files (x86)\Common Files\Oracle\Java\javapath;C:\Program Files (x86)\Intel\iCLS Client\;C:\Program Files\Intel\iCLS Client\;C:\ProgramData\Oracle\Java\javapath;C:\Program Files\Java\jdk1.8.0_121;C:\WINDOWS\system32;C:\WINDOWS;C:\WINDOWS\System32\Wbem;C:\WINDOWS\System32\WindowsPowerShell\v1.0\;C:\Program Files\Intel\WiFi\bin\;C:\Program Files\Common Files\Intel\WirelessCommon\;C:\Program Files\Dell\Dell Data Protection\Drivers\TSS\bin\;C:\Program Files (x86)\Microsoft SQL Server\100\Tools\Binn\VSShell\Common7\IDE\;C:\Program Files (x86)\Microsoft SQL Server\100\Tools\Binn\;C:\Program Files\Microsoft SQL Server\100\Tools\Binn\;C:\Program Files (x86)\Microsoft SQL Server\100\DTS\Binn\;%JAVA_HOME%\bin;C:\Program Files\Microsoft SQL Server\Client SDK\ODBC\110\Tools\Binn\;C:\Program Files (x86)\Microsoft SQL Server\120\Tools\Binn\ManagementStudio\;C:\Program Files (x86)\Microsoft SQL Server\120\Tools\Binn\;C:\Program Files\Microsoft SQL Server\120\Tools\Binn\;C:\Program Files (x86)\Microsoft SQL Server\120\DTS\Binn\;C:\Program Files\MySQL\MySQL Server 5.7\bin;C:\Program Files\nodejs\;C:\Program Files (x86)\Intel\Intel(R) Management Engine Components\DAL;C:\Program Files\Intel\Intel(R) Management Engine Components\DAL;C:\Program Files (x86)\Intel\Intel(R) Management Engine Components\IPT;C:\Program Files\Intel\Intel(R) Management Engine Components\IPT;C:\Program Files\Git\cmd;C:\WINDOWS\System32\OpenSSH\;C:\Program Files\Intel\WiFi\bin\;C:\Program Files\Common Files\Intel\WirelessCommon\;C:\apache-maven-3.5.4\bin;C:\Program Files (x86)\Nmap;C:\Users\mjunior\AppData\Local\Microsoft\WindowsApps;C:\Users\mjunior\AppData\Roaming\npm;C:\Program Files (x86)\Microsoft VS Code\bin;C:\ProgramData\mjunior\atom\bin;C:\Gradle\gradle-4.10.1\bin;;%USERPROFILE%\AppData\Local\Microsoft\WindowsApps;C:\Users\mjunior\Documents\spring-tool-suite-3.9.5.RELEASE-e4.8.0-win32-x86_64\sts-bundle\sts-3.9.5.RELEASE;;."/>
    <property name="java.vm.info" value="mixed mode"/>
    <property name="java.vendor" value="Oracle Corporation"/>
    <property name="java.vm.version" value="25.144-b01"/>
    <property name="java.ext.dirs" value="C:\Program Files\Java\jdk1.8.0_144\jre\lib\ext;C:\WINDOWS\Sun\Java\lib\ext"/>
    <property name="sun.io.unicode.encoding" value="UnicodeLittle"/>
    <property name="java.class.version" value="52.0"/>
  </properties>
  <testcase name="contextLoads" classname="springframework.sfgpetclinic.SfgPetClinicApplicationTests" time="0.002">
    <error message="Failed to load ApplicationContext" type="java.lang.IllegalStateException">java.lang.IllegalStateException: Failed to load ApplicationContext
Caused by: java.lang.IllegalStateException: Failed to introspect Class [springframework.sfgpetclinic.bootstrap.DataLoader] from ClassLoader [sun.misc.Launcher$AppClassLoader@6bc7c054]
Caused by: java.lang.NoClassDefFoundError: Lspringframework/sfgpetclinic/services/OwnerService;
Caused by: java.lang.ClassNotFoundException: springframework.sfgpetclinic.services.OwnerService
</error>
    <system-out><![CDATA[16:10:05.702 [main] DEBUG org.springframework.test.context.junit4.SpringJUnit4ClassRunner - SpringJUnit4ClassRunner constructor called with [class springframework.sfgpetclinic.SfgPetClinicApplicationTests]
16:10:05.712 [main] DEBUG org.springframework.test.context.BootstrapUtils - Instantiating CacheAwareContextLoaderDelegate from class [org.springframework.test.context.cache.DefaultCacheAwareContextLoaderDelegate]
16:10:05.744 [main] DEBUG org.springframework.test.context.BootstrapUtils - Instantiating BootstrapContext using constructor [public org.springframework.test.context.support.DefaultBootstrapContext(java.lang.Class,org.springframework.test.context.CacheAwareContextLoaderDelegate)]
16:10:05.815 [main] DEBUG org.springframework.test.context.BootstrapUtils - Instantiating TestContextBootstrapper for test class [springframework.sfgpetclinic.SfgPetClinicApplicationTests] from class [org.springframework.boot.test.context.SpringBootTestContextBootstrapper]
16:10:05.852 [main] INFO org.springframework.boot.test.context.SpringBootTestContextBootstrapper - Neither @ContextConfiguration nor @ContextHierarchy found for test class [springframework.sfgpetclinic.SfgPetClinicApplicationTests], using SpringBootContextLoader
16:10:05.864 [main] DEBUG org.springframework.test.context.support.AbstractContextLoader - Did not detect default resource location for test class [springframework.sfgpetclinic.SfgPetClinicApplicationTests]: class path resource [springframework/sfgpetclinic/SfgPetClinicApplicationTests-context.xml] does not exist
16:10:05.865 [main] DEBUG org.springframework.test.context.support.AbstractContextLoader - Did not detect default resource location for test class [springframework.sfgpetclinic.SfgPetClinicApplicationTests]: class path resource [springframework/sfgpetclinic/SfgPetClinicApplicationTestsContext.groovy] does not exist
16:10:05.866 [main] INFO org.springframework.test.context.support.AbstractContextLoader - Could not detect default resource locations for test class [springframework.sfgpetclinic.SfgPetClinicApplicationTests]: no resource found for suffixes {-context.xml, Context.groovy}.
16:10:05.867 [main] INFO org.springframework.test.context.support.AnnotationConfigContextLoaderUtils - Could not detect default configuration classes for test class [springframework.sfgpetclinic.SfgPetClinicApplicationTests]: SfgPetClinicApplicationTests does not declare any static, non-private, non-final, nested classes annotated with @Configuration.
16:10:05.965 [main] DEBUG org.springframework.test.context.support.ActiveProfilesUtils - Could not find an 'annotation declaring class' for annotation type [org.springframework.test.context.ActiveProfiles] and class [springframework.sfgpetclinic.SfgPetClinicApplicationTests]
16:10:06.188 [main] DEBUG org.springframework.context.annotation.ClassPathScanningCandidateComponentProvider - Identified candidate component class: file [C:\Users\mjunior\git\sfg-pet-clinic\sfg-pet-clinic\pet-clinic-web\target\classes\springframework\sfgpetclinic\SfgPetClinicApplication.class]
16:10:06.191 [main] INFO org.springframework.boot.test.context.SpringBootTestContextBootstrapper - Found @SpringBootConfiguration springframework.sfgpetclinic.SfgPetClinicApplication for test class springframework.sfgpetclinic.SfgPetClinicApplicationTests
16:10:06.478 [main] DEBUG org.springframework.boot.test.context.SpringBootTestContextBootstrapper - @TestExecutionListeners is not present for class [springframework.sfgpetclinic.SfgPetClinicApplicationTests]: using defaults.
16:10:06.480 [main] INFO org.springframework.boot.test.context.SpringBootTestContextBootstrapper - Loaded default TestExecutionListener class names from location [META-INF/spring.factories]: [org.springframework.boot.test.mock.mockito.MockitoTestExecutionListener, org.springframework.boot.test.mock.mockito.ResetMocksTestExecutionListener, org.springframework.boot.test.autoconfigure.restdocs.RestDocsTestExecutionListener, org.springframework.boot.test.autoconfigure.web.client.MockRestServiceServerResetTestExecutionListener, org.springframework.boot.test.autoconfigure.web.servlet.MockMvcPrintOnlyOnFailureTestExecutionListener, org.springframework.boot.test.autoconfigure.web.servlet.WebDriverTestExecutionListener, org.springframework.test.context.web.ServletTestExecutionListener, org.springframework.test.context.support.DirtiesContextBeforeModesTestExecutionListener, org.springframework.test.context.support.DependencyInjectionTestExecutionListener, org.springframework.test.context.support.DirtiesContextTestExecutionListener, org.springframework.test.context.transaction.TransactionalTestExecutionListener, org.springframework.test.context.jdbc.SqlScriptsTestExecutionListener]
16:10:06.545 [main] INFO org.springframework.boot.test.context.SpringBootTestContextBootstrapper - Using TestExecutionListeners: [org.springframework.test.context.web.ServletTestExecutionListener@4009e306, org.springframework.test.context.support.DirtiesContextBeforeModesTestExecutionListener@43c1b556, org.springframework.boot.test.mock.mockito.MockitoTestExecutionListener@587e5365, org.springframework.boot.test.autoconfigure.SpringBootDependencyInjectionTestExecutionListener@22fcf7ab, org.springframework.test.context.support.DirtiesContextTestExecutionListener@2de23121, org.springframework.test.context.transaction.TransactionalTestExecutionListener@63475ace, org.springframework.test.context.jdbc.SqlScriptsTestExecutionListener@4988d8b8, org.springframework.boot.test.mock.mockito.ResetMocksTestExecutionListener@c0c2f8d, org.springframework.boot.test.autoconfigure.restdocs.RestDocsTestExecutionListener@305b7c14, org.springframework.boot.test.autoconfigure.web.client.MockRestServiceServerResetTestExecutionListener@6913c1fb, org.springframework.boot.test.autoconfigure.web.servlet.MockMvcPrintOnlyOnFailureTestExecutionListener@66d18979, org.springframework.boot.test.autoconfigure.web.servlet.WebDriverTestExecutionListener@bccb269]
16:10:06.549 [main] DEBUG org.springframework.test.annotation.ProfileValueUtils - Retrieved @ProfileValueSourceConfiguration [null] for test class [springframework.sfgpetclinic.SfgPetClinicApplicationTests]
16:10:06.550 [main] DEBUG org.springframework.test.annotation.ProfileValueUtils - Retrieved ProfileValueSource type [class org.springframework.test.annotation.SystemProfileValueSource] for class [springframework.sfgpetclinic.SfgPetClinicApplicationTests]
16:10:06.552 [main] DEBUG org.springframework.test.annotation.ProfileValueUtils - Retrieved @ProfileValueSourceConfiguration [null] for test class [springframework.sfgpetclinic.SfgPetClinicApplicationTests]
16:10:06.554 [main] DEBUG org.springframework.test.annotation.ProfileValueUtils - Retrieved ProfileValueSource type [class org.springframework.test.annotation.SystemProfileValueSource] for class [springframework.sfgpetclinic.SfgPetClinicApplicationTests]
16:10:06.584 [main] DEBUG org.springframework.test.annotation.ProfileValueUtils - Retrieved @ProfileValueSourceConfiguration [null] for test class [springframework.sfgpetclinic.SfgPetClinicApplicationTests]
16:10:06.584 [main] DEBUG org.springframework.test.annotation.ProfileValueUtils - Retrieved ProfileValueSource type [class org.springframework.test.annotation.SystemProfileValueSource] for class [springframework.sfgpetclinic.SfgPetClinicApplicationTests]
16:10:06.602 [main] DEBUG org.springframework.test.context.support.AbstractDirtiesContextTestExecutionListener - Before test class: context [DefaultTestContext@2e377400 testClass = SfgPetClinicApplicationTests, testInstance = [null], testMethod = [null], testException = [null], mergedContextConfiguration = [WebMergedContextConfiguration@1757cd72 testClass = SfgPetClinicApplicationTests, locations = '{}', classes = '{class springframework.sfgpetclinic.SfgPetClinicApplication}', contextInitializerClasses = '[]', activeProfiles = '{}', propertySourceLocations = '{}', propertySourceProperties = '{org.springframework.boot.test.context.SpringBootTestContextBootstrapper=true}', contextCustomizers = set[org.springframework.boot.test.context.filter.ExcludeFilterContextCustomizer@74294adb, org.springframework.boot.test.json.DuplicateJsonObjectContextCustomizerFactory$DuplicateJsonObjectContextCustomizer@2f490758, org.springframework.boot.test.mock.mockito.MockitoContextCustomizer@0, org.springframework.boot.test.web.client.TestRestTemplateContextCustomizer@4e41089d, org.springframework.boot.test.autoconfigure.properties.PropertyMappingContextCustomizer@0, org.springframework.boot.test.autoconfigure.web.servlet.WebDriverContextCustomizerFactory$Customizer@21a947fe], resourceBasePath = 'src/main/webapp', contextLoader = 'org.springframework.boot.test.context.SpringBootContextLoader', parent = [null]], attributes = map['org.springframework.test.context.web.ServletTestExecutionListener.activateListener' -> true]], class annotated with @DirtiesContext [false] with mode [null].
16:10:06.607 [main] DEBUG org.springframework.test.annotation.ProfileValueUtils - Retrieved @ProfileValueSourceConfiguration [null] for test class [springframework.sfgpetclinic.SfgPetClinicApplicationTests]
16:10:06.607 [main] DEBUG org.springframework.test.annotation.ProfileValueUtils - Retrieved ProfileValueSource type [class org.springframework.test.annotation.SystemProfileValueSource] for class [springframework.sfgpetclinic.SfgPetClinicApplicationTests]
16:10:06.663 [main] DEBUG org.springframework.test.context.support.TestPropertySourceUtils - Adding inlined properties to environment: {spring.jmx.enabled=false, org.springframework.boot.test.context.SpringBootTestContextBootstrapper=true, server.port=-1}


                              #                                               
                             @@@.                  @@                         
                           8@ @@@@                @@ @@@                      
                          @@  @@ @@               @@@  #@@                    
                         @@   @@ @@@             @@@@    o@@                  
                        @@  :@@  #@@@@@@@&      @@ @@      @@                 
                      @@@.                 .8@@@@  @@       .@                
                   @@@          @@               @  @        .@               
                @@@        @@@:      &           8@  @        @@              
              @@        .@@o         @@            @. @@      .@              
            @@         @@             *@            @@ #@     o@8             
           @@         @@                 *           @. @@    @@              
          @@@@@@  @ &@@                           @@  *  @@  @@               
          @@@@@@@@@@@@     @@ @&                @#          .@o               
          @@  @@@  @@   @@@@@@@@@@@@@&             @@        @@               
          @@@@@: @@@ @@@@@@@@@@@@@@@@o                        @&              
          @@@              @@@@                                @*             
       &@                     @@#                         @@   :@             
     @@                         &@@@@#                   8@     @@.           
   8 .@@@@@    @@         @@                             @@      @@           
   @@@@ o@@@&@@@           @@                            @#       @@          
   @@@@  @@#                 @@                          @@       @@@@#@@@@:@ 
   @  @@@@                    :@                         @@        @@@@  @@   
  @*  @@@#                     @                         @&        @@@:@@@    
  8@@.@@@@o                                             @@        :@@*  o@    
   o@.@@* @o                            &@@@@         #@@         @@& @@@@    
     @@@@@:@@@@.                     @@@o                        @@o @    *@o 
       @@   @@@@@@@                 @@@                        @@@      @     
                   @@@@@@@@@@@@@@@@@@#                 @:   @@@@ .    @@      
                     @@@@@@@#@@@@@@@@@@#.     .o##o*  @@@@@@@@ *@ @& #@       
                  &@@@@@@@@@@@  @@8       ..         .@@@@#   @:   :@#        
                     @@@@o    @@@@@@@@@@@@@@@@@@@@@@#           .@@  @        
                       @@   @8@&                    @@@# @     @@    &@       
                           @  .@      :@   @         @#  @ @@#                
                           @ @.  *@@@@@@  *@@@@@@@@@@@@@ @                    
                           @.           @ @            o@&                    
                                         @8                                   
                                                                              

2018-10-26 16:10:09.293  INFO 27228 --- [           main] s.s.SfgPetClinicApplicationTests         : Starting SfgPetClinicApplicationTests on brz-ti28 with PID 27228 (started by mjunior in C:\Users\mjunior\git\sfg-pet-clinic\sfg-pet-clinic\pet-clinic-web)
2018-10-26 16:10:09.296  INFO 27228 --- [           main] s.s.SfgPetClinicApplicationTests         : No active profile set, falling back to default profiles: default
2018-10-26 16:10:12.006  INFO 27228 --- [           main] .s.d.r.c.RepositoryConfigurationDelegate : Bootstrapping Spring Data repositories in DEFAULT mode.
2018-10-26 16:10:12.048  INFO 27228 --- [           main] .s.d.r.c.RepositoryConfigurationDelegate : Finished Spring Data repository scanning in 24ms. Found 0 repository interfaces.
2018-10-26 16:10:13.057 ERROR 27228 --- [           main] o.s.boot.SpringApplication               : Application run failed

java.lang.IllegalStateException: Failed to introspect Class [springframework.sfgpetclinic.bootstrap.DataLoader] from ClassLoader [sun.misc.Launcher$AppClassLoader@6bc7c054]
	at org.springframework.util.ReflectionUtils.getDeclaredFields(ReflectionUtils.java:779) ~[spring-core-5.1.0.RC3.jar:5.1.0.RC3]
	at org.springframework.util.ReflectionUtils.doWithFields(ReflectionUtils.java:744) ~[spring-core-5.1.0.RC3.jar:5.1.0.RC3]
	at org.springframework.util.ReflectionUtils.doWithFields(ReflectionUtils.java:729) ~[spring-core-5.1.0.RC3.jar:5.1.0.RC3]
	at org.springframework.boot.test.mock.mockito.DefinitionsParser.parse(DefinitionsParser.java:62) ~[spring-boot-test-2.1.0.M3.jar:2.1.0.M3]
	at org.springframework.boot.test.mock.mockito.MockitoPostProcessor.postProcessBeanFactory(MockitoPostProcessor.java:141) ~[spring-boot-test-2.1.0.M3.jar:2.1.0.M3]
	at org.springframework.boot.test.mock.mockito.MockitoPostProcessor.postProcessBeanFactory(MockitoPostProcessor.java:133) ~[spring-boot-test-2.1.0.M3.jar:2.1.0.M3]
	at org.springframework.context.support.PostProcessorRegistrationDelegate.invokeBeanFactoryPostProcessors(PostProcessorRegistrationDelegate.java:286) ~[spring-context-5.1.0.RC3.jar:5.1.0.RC3]
	at org.springframework.context.support.PostProcessorRegistrationDelegate.invokeBeanFactoryPostProcessors(PostProcessorRegistrationDelegate.java:174) ~[spring-context-5.1.0.RC3.jar:5.1.0.RC3]
	at org.springframework.context.support.AbstractApplicationContext.invokeBeanFactoryPostProcessors(AbstractApplicationContext.java:693) ~[spring-context-5.1.0.RC3.jar:5.1.0.RC3]
	at org.springframework.context.support.AbstractApplicationContext.refresh(AbstractApplicationContext.java:530) ~[spring-context-5.1.0.RC3.jar:5.1.0.RC3]
	at org.springframework.boot.SpringApplication.refresh(SpringApplication.java:797) ~[spring-boot-2.1.0.M3.jar:2.1.0.M3]
	at org.springframework.boot.SpringApplication.refreshContext(SpringApplication.java:421) ~[spring-boot-2.1.0.M3.jar:2.1.0.M3]
	at org.springframework.boot.SpringApplication.run(SpringApplication.java:340) ~[spring-boot-2.1.0.M3.jar:2.1.0.M3]
	at org.springframework.boot.test.context.SpringBootContextLoader.loadContext(SpringBootContextLoader.java:139) [spring-boot-test-2.1.0.M3.jar:2.1.0.M3]
	at org.springframework.test.context.cache.DefaultCacheAwareContextLoaderDelegate.loadContextInternal(DefaultCacheAwareContextLoaderDelegate.java:99) [spring-test-5.1.0.RC3.jar:5.1.0.RC3]
	at org.springframework.test.context.cache.DefaultCacheAwareContextLoaderDelegate.loadContext(DefaultCacheAwareContextLoaderDelegate.java:117) [spring-test-5.1.0.RC3.jar:5.1.0.RC3]
	at org.springframework.test.context.support.DefaultTestContext.getApplicationContext(DefaultTestContext.java:108) [spring-test-5.1.0.RC3.jar:5.1.0.RC3]
	at org.springframework.test.context.web.ServletTestExecutionListener.setUpRequestContextIfNecessary(ServletTestExecutionListener.java:190) [spring-test-5.1.0.RC3.jar:5.1.0.RC3]
	at org.springframework.test.context.web.ServletTestExecutionListener.prepareTestInstance(ServletTestExecutionListener.java:132) [spring-test-5.1.0.RC3.jar:5.1.0.RC3]
	at org.springframework.test.context.TestContextManager.prepareTestInstance(TestContextManager.java:246) [spring-test-5.1.0.RC3.jar:5.1.0.RC3]
	at org.springframework.test.context.junit4.SpringJUnit4ClassRunner.createTest(SpringJUnit4ClassRunner.java:227) [spring-test-5.1.0.RC3.jar:5.1.0.RC3]
	at org.springframework.test.context.junit4.SpringJUnit4ClassRunner$1.runReflectiveCall(SpringJUnit4ClassRunner.java:289) [spring-test-5.1.0.RC3.jar:5.1.0.RC3]
	at org.junit.internal.runners.model.ReflectiveCallable.run(ReflectiveCallable.java:12) [junit-4.12.jar:4.12]
	at org.springframework.test.context.junit4.SpringJUnit4ClassRunner.methodBlock(SpringJUnit4ClassRunner.java:291) [spring-test-5.1.0.RC3.jar:5.1.0.RC3]
	at org.springframework.test.context.junit4.SpringJUnit4ClassRunner.runChild(SpringJUnit4ClassRunner.java:246) [spring-test-5.1.0.RC3.jar:5.1.0.RC3]
	at org.springframework.test.context.junit4.SpringJUnit4ClassRunner.runChild(SpringJUnit4ClassRunner.java:97) [spring-test-5.1.0.RC3.jar:5.1.0.RC3]
	at org.junit.runners.ParentRunner$3.run(ParentRunner.java:290) [junit-4.12.jar:4.12]
	at org.junit.runners.ParentRunner$1.schedule(ParentRunner.java:71) [junit-4.12.jar:4.12]
	at org.junit.runners.ParentRunner.runChildren(ParentRunner.java:288) [junit-4.12.jar:4.12]
	at org.junit.runners.ParentRunner.access$000(ParentRunner.java:58) [junit-4.12.jar:4.12]
	at org.junit.runners.ParentRunner$2.evaluate(ParentRunner.java:268) [junit-4.12.jar:4.12]
	at org.springframework.test.context.junit4.statements.RunBeforeTestClassCallbacks.evaluate(RunBeforeTestClassCallbacks.java:61) [spring-test-5.1.0.RC3.jar:5.1.0.RC3]
	at org.springframework.test.context.junit4.statements.RunAfterTestClassCallbacks.evaluate(RunAfterTestClassCallbacks.java:70) [spring-test-5.1.0.RC3.jar:5.1.0.RC3]
	at org.junit.runners.ParentRunner.run(ParentRunner.java:363) [junit-4.12.jar:4.12]
	at org.springframework.test.context.junit4.SpringJUnit4ClassRunner.run(SpringJUnit4ClassRunner.java:190) [spring-test-5.1.0.RC3.jar:5.1.0.RC3]
	at org.apache.maven.surefire.junit4.JUnit4Provider.execute(JUnit4Provider.java:365) [surefire-junit4-2.22.0.jar:2.22.0]
	at org.apache.maven.surefire.junit4.JUnit4Provider.executeWithRerun(JUnit4Provider.java:273) [surefire-junit4-2.22.0.jar:2.22.0]
	at org.apache.maven.surefire.junit4.JUnit4Provider.executeTestSet(JUnit4Provider.java:238) [surefire-junit4-2.22.0.jar:2.22.0]
	at org.apache.maven.surefire.junit4.JUnit4Provider.invoke(JUnit4Provider.java:159) [surefire-junit4-2.22.0.jar:2.22.0]
	at org.apache.maven.surefire.booter.ForkedBooter.invokeProviderInSameClassLoader(ForkedBooter.java:383) [surefire-booter-2.22.0.jar:2.22.0]
	at org.apache.maven.surefire.booter.ForkedBooter.runSuitesInProcess(ForkedBooter.java:344) [surefire-booter-2.22.0.jar:2.22.0]
	at org.apache.maven.surefire.booter.ForkedBooter.execute(ForkedBooter.java:125) [surefire-booter-2.22.0.jar:2.22.0]
	at org.apache.maven.surefire.booter.ForkedBooter.main(ForkedBooter.java:417) [surefire-booter-2.22.0.jar:2.22.0]
Caused by: java.lang.NoClassDefFoundError: Lspringframework/sfgpetclinic/services/OwnerService;
	at java.lang.Class.getDeclaredFields0(Native Method) ~[na:1.8.0_144]
	at java.lang.Class.privateGetDeclaredFields(Class.java:2583) ~[na:1.8.0_144]
	at java.lang.Class.getDeclaredFields(Class.java:1916) ~[na:1.8.0_144]
	at org.springframework.util.ReflectionUtils.getDeclaredFields(ReflectionUtils.java:774) ~[spring-core-5.1.0.RC3.jar:5.1.0.RC3]
	... 42 common frames omitted
Caused by: java.lang.ClassNotFoundException: springframework.sfgpetclinic.services.OwnerService
	at java.net.URLClassLoader.findClass(URLClassLoader.java:381) ~[na:1.8.0_144]
	at java.lang.ClassLoader.loadClass(ClassLoader.java:424) ~[na:1.8.0_144]
	at sun.misc.Launcher$AppClassLoader.loadClass(Launcher.java:335) ~[na:1.8.0_144]
	at java.lang.ClassLoader.loadClass(ClassLoader.java:357) ~[na:1.8.0_144]
	... 46 common frames omitted

2018-10-26 16:10:13.069 ERROR 27228 --- [           main] o.s.test.context.TestContextManager      : Caught exception while allowing TestExecutionListener [org.springframework.test.context.web.ServletTestExecutionListener@4009e306] to prepare test instance [springframework.sfgpetclinic.SfgPetClinicApplicationTests@2e1af49b]

java.lang.IllegalStateException: Failed to load ApplicationContext
	at org.springframework.test.context.cache.DefaultCacheAwareContextLoaderDelegate.loadContext(DefaultCacheAwareContextLoaderDelegate.java:125) ~[spring-test-5.1.0.RC3.jar:5.1.0.RC3]
	at org.springframework.test.context.support.DefaultTestContext.getApplicationContext(DefaultTestContext.java:108) ~[spring-test-5.1.0.RC3.jar:5.1.0.RC3]
	at org.springframework.test.context.web.ServletTestExecutionListener.setUpRequestContextIfNecessary(ServletTestExecutionListener.java:190) ~[spring-test-5.1.0.RC3.jar:5.1.0.RC3]
	at org.springframework.test.context.web.ServletTestExecutionListener.prepareTestInstance(ServletTestExecutionListener.java:132) ~[spring-test-5.1.0.RC3.jar:5.1.0.RC3]
	at org.springframework.test.context.TestContextManager.prepareTestInstance(TestContextManager.java:246) ~[spring-test-5.1.0.RC3.jar:5.1.0.RC3]
	at org.springframework.test.context.junit4.SpringJUnit4ClassRunner.createTest(SpringJUnit4ClassRunner.java:227) [spring-test-5.1.0.RC3.jar:5.1.0.RC3]
	at org.springframework.test.context.junit4.SpringJUnit4ClassRunner$1.runReflectiveCall(SpringJUnit4ClassRunner.java:289) [spring-test-5.1.0.RC3.jar:5.1.0.RC3]
	at org.junit.internal.runners.model.ReflectiveCallable.run(ReflectiveCallable.java:12) [junit-4.12.jar:4.12]
	at org.springframework.test.context.junit4.SpringJUnit4ClassRunner.methodBlock(SpringJUnit4ClassRunner.java:291) [spring-test-5.1.0.RC3.jar:5.1.0.RC3]
	at org.springframework.test.context.junit4.SpringJUnit4ClassRunner.runChild(SpringJUnit4ClassRunner.java:246) [spring-test-5.1.0.RC3.jar:5.1.0.RC3]
	at org.springframework.test.context.junit4.SpringJUnit4ClassRunner.runChild(SpringJUnit4ClassRunner.java:97) [spring-test-5.1.0.RC3.jar:5.1.0.RC3]
	at org.junit.runners.ParentRunner$3.run(ParentRunner.java:290) [junit-4.12.jar:4.12]
	at org.junit.runners.ParentRunner$1.schedule(ParentRunner.java:71) [junit-4.12.jar:4.12]
	at org.junit.runners.ParentRunner.runChildren(ParentRunner.java:288) [junit-4.12.jar:4.12]
	at org.junit.runners.ParentRunner.access$000(ParentRunner.java:58) [junit-4.12.jar:4.12]
	at org.junit.runners.ParentRunner$2.evaluate(ParentRunner.java:268) [junit-4.12.jar:4.12]
	at org.springframework.test.context.junit4.statements.RunBeforeTestClassCallbacks.evaluate(RunBeforeTestClassCallbacks.java:61) [spring-test-5.1.0.RC3.jar:5.1.0.RC3]
	at org.springframework.test.context.junit4.statements.RunAfterTestClassCallbacks.evaluate(RunAfterTestClassCallbacks.java:70) [spring-test-5.1.0.RC3.jar:5.1.0.RC3]
	at org.junit.runners.ParentRunner.run(ParentRunner.java:363) [junit-4.12.jar:4.12]
	at org.springframework.test.context.junit4.SpringJUnit4ClassRunner.run(SpringJUnit4ClassRunner.java:190) [spring-test-5.1.0.RC3.jar:5.1.0.RC3]
	at org.apache.maven.surefire.junit4.JUnit4Provider.execute(JUnit4Provider.java:365) [surefire-junit4-2.22.0.jar:2.22.0]
	at org.apache.maven.surefire.junit4.JUnit4Provider.executeWithRerun(JUnit4Provider.java:273) [surefire-junit4-2.22.0.jar:2.22.0]
	at org.apache.maven.surefire.junit4.JUnit4Provider.executeTestSet(JUnit4Provider.java:238) [surefire-junit4-2.22.0.jar:2.22.0]
	at org.apache.maven.surefire.junit4.JUnit4Provider.invoke(JUnit4Provider.java:159) [surefire-junit4-2.22.0.jar:2.22.0]
	at org.apache.maven.surefire.booter.ForkedBooter.invokeProviderInSameClassLoader(ForkedBooter.java:383) [surefire-booter-2.22.0.jar:2.22.0]
	at org.apache.maven.surefire.booter.ForkedBooter.runSuitesInProcess(ForkedBooter.java:344) [surefire-booter-2.22.0.jar:2.22.0]
	at org.apache.maven.surefire.booter.ForkedBooter.execute(ForkedBooter.java:125) [surefire-booter-2.22.0.jar:2.22.0]
	at org.apache.maven.surefire.booter.ForkedBooter.main(ForkedBooter.java:417) [surefire-booter-2.22.0.jar:2.22.0]
Caused by: java.lang.IllegalStateException: Failed to introspect Class [springframework.sfgpetclinic.bootstrap.DataLoader] from ClassLoader [sun.misc.Launcher$AppClassLoader@6bc7c054]
	at org.springframework.util.ReflectionUtils.getDeclaredFields(ReflectionUtils.java:779) ~[spring-core-5.1.0.RC3.jar:5.1.0.RC3]
	at org.springframework.util.ReflectionUtils.doWithFields(ReflectionUtils.java:744) ~[spring-core-5.1.0.RC3.jar:5.1.0.RC3]
	at org.springframework.util.ReflectionUtils.doWithFields(ReflectionUtils.java:729) ~[spring-core-5.1.0.RC3.jar:5.1.0.RC3]
	at org.springframework.boot.test.mock.mockito.DefinitionsParser.parse(DefinitionsParser.java:62) ~[spring-boot-test-2.1.0.M3.jar:2.1.0.M3]
	at org.springframework.boot.test.mock.mockito.MockitoPostProcessor.postProcessBeanFactory(MockitoPostProcessor.java:141) ~[spring-boot-test-2.1.0.M3.jar:2.1.0.M3]
	at org.springframework.boot.test.mock.mockito.MockitoPostProcessor.postProcessBeanFactory(MockitoPostProcessor.java:133) ~[spring-boot-test-2.1.0.M3.jar:2.1.0.M3]
	at org.springframework.context.support.PostProcessorRegistrationDelegate.invokeBeanFactoryPostProcessors(PostProcessorRegistrationDelegate.java:286) ~[spring-context-5.1.0.RC3.jar:5.1.0.RC3]
	at org.springframework.context.support.PostProcessorRegistrationDelegate.invokeBeanFactoryPostProcessors(PostProcessorRegistrationDelegate.java:174) ~[spring-context-5.1.0.RC3.jar:5.1.0.RC3]
	at org.springframework.context.support.AbstractApplicationContext.invokeBeanFactoryPostProcessors(AbstractApplicationContext.java:693) ~[spring-context-5.1.0.RC3.jar:5.1.0.RC3]
	at org.springframework.context.support.AbstractApplicationContext.refresh(AbstractApplicationContext.java:530) ~[spring-context-5.1.0.RC3.jar:5.1.0.RC3]
	at org.springframework.boot.SpringApplication.refresh(SpringApplication.java:797) ~[spring-boot-2.1.0.M3.jar:2.1.0.M3]
	at org.springframework.boot.SpringApplication.refreshContext(SpringApplication.java:421) ~[spring-boot-2.1.0.M3.jar:2.1.0.M3]
	at org.springframework.boot.SpringApplication.run(SpringApplication.java:340) ~[spring-boot-2.1.0.M3.jar:2.1.0.M3]
	at org.springframework.boot.test.context.SpringBootContextLoader.loadContext(SpringBootContextLoader.java:139) ~[spring-boot-test-2.1.0.M3.jar:2.1.0.M3]
	at org.springframework.test.context.cache.DefaultCacheAwareContextLoaderDelegate.loadContextInternal(DefaultCacheAwareContextLoaderDelegate.java:99) ~[spring-test-5.1.0.RC3.jar:5.1.0.RC3]
	at org.springframework.test.context.cache.DefaultCacheAwareContextLoaderDelegate.loadContext(DefaultCacheAwareContextLoaderDelegate.java:117) ~[spring-test-5.1.0.RC3.jar:5.1.0.RC3]
	... 27 common frames omitted
Caused by: java.lang.NoClassDefFoundError: Lspringframework/sfgpetclinic/services/OwnerService;
	at java.lang.Class.getDeclaredFields0(Native Method) ~[na:1.8.0_144]
	at java.lang.Class.privateGetDeclaredFields(Class.java:2583) ~[na:1.8.0_144]
	at java.lang.Class.getDeclaredFields(Class.java:1916) ~[na:1.8.0_144]
	at org.springframework.util.ReflectionUtils.getDeclaredFields(ReflectionUtils.java:774) ~[spring-core-5.1.0.RC3.jar:5.1.0.RC3]
	... 42 common frames omitted
Caused by: java.lang.ClassNotFoundException: springframework.sfgpetclinic.services.OwnerService
	at java.net.URLClassLoader.findClass(URLClassLoader.java:381) ~[na:1.8.0_144]
	at java.lang.ClassLoader.loadClass(ClassLoader.java:424) ~[na:1.8.0_144]
	at sun.misc.Launcher$AppClassLoader.loadClass(Launcher.java:335) ~[na:1.8.0_144]
	at java.lang.ClassLoader.loadClass(ClassLoader.java:357) ~[na:1.8.0_144]
	... 46 common frames omitted

]]></system-out>
  </testcase>
</testsuite>